2020-01-01-0143-41.CUBA_056
2020-01-01-0447-25.CUBA_056
2020-01-01-0601-22.CUBA_056
2020-01-01-0818-33.CUBA_056
2020-01-01-0844-14.CUBA_056
2020-01-01-0857-16.CUBA_056
2020-01-01-0930-11.CUBA_056
2020-01-02-1013-15S.MAN___015
2020-01-02-1134-32S.MAN___009
2020-01-02-1231-32.CUBA_056
2020-01-02-1311-09.CUBA_056
2020-01-03-0554-38.CUBA_056
2020-01-03-0840-17.CUBA_056
2020-01-03-0859-26.CUBA_056
2020-01-03-0908-44.CUBA_056
2020-01-03-1336-12.CUBA_056
2020-01-03-2258-56.CUBA_056
2020-01-04-0314-22.CUBA_056
2020-01-04-0436-03.CUBA_056
2020-01-04-0817-46.CUBA_056
2020-01-04-1117-59.CUBA_056
2020-01-04-2229-39.CUBA_056
2020-01-05-0701-34.CUBA_056
2020-01-05-0901-36.CUBA_056
2020-01-05-1649-27.CUBA_056
2020-01-06-0011-59.CUBA_056
2020-01-06-0144-10.CUBA_056
2020-01-06-0150-07.CUBA_056
2020-01-06-0517-15S.MAN___018
2020-01-06-0541-15S.MAN___009
2020-01-06-0659-30S.MAN___012
2020-01-06-0709-15S.MAN___009
2020-01-06-0813-45S.MAN___012
2020-01-06-1329-51.CUBA_056
2020-01-06-1555-56.CUBA_056
2020-01-06-1927-25.CUBA_056
2020-01-07-1027-18.CUBA_056
2020-01-07-1307-27.CUBA_056
2020-01-07-2010-38.CUBA_056
2020-01-08-0030-02.CUBA_056
2020-01-08-0454-56.CUBA_056
2020-01-08-0557-43.CUBA_056
2020-01-08-0953-29.CUBA_056
2020-01-08-2206-10.CUBA_056
2020-01-09-0231-10.CUBA_056
2020-01-09-0355-12.CUBA_056
2020-01-09-0538-57.CUBA_056
2020-01-09-0656-44.CUBA_056
2020-01-09-0741-20.CUBA_056
2020-01-09-0806-53.CUBA_056
2020-01-09-0808-24.CUBA_056
2020-01-09-1028-58.CUBA_056
2020-01-09-1459-19.CUBA_056
2020-01-09-1607-09.CUBA_056
2020-01-09-1753-46.CUBA_056
2020-01-10-1336-17.CUBA_056
2020-01-10-1644-00.CUBA_056
2020-01-10-2114-24.CUBA_056
2020-01-10-2204-21.CUBA_056
2020-01-10-2205-09.CUBA_056
2020-01-10-2334-06.CUBA_056
2020-01-10-2339-47.CUBA_056
2020-01-11-0747-09.CUBA_056
2020-01-11-1917-59.CUBA_056
2020-01-12-1040-58.CUBA_056
2020-01-12-1040-58.CUBA_056
2020-01-12-1746-03.CUBA_056
2020-01-12-1955-48.CUBA_056
2020-01-13-0111-55.CUBA_056
2020-01-13-0217-41.CUBA_056
2020-01-13-0917-44.CUBA_056
2020-01-13-0930-13.CUBA_056
2020-01-14-0218-45S.MAN___012
2020-01-14-0545-45S.MAN___027
2020-01-14-0545-46S.MAN___006
2020-01-15-0119-16.CUBA_056
2020-01-15-0333-37.CUBA_056
2020-01-15-0520-58.CUBA_056
2020-01-16-0339-39.CUBA_056
2020-01-16-0356-48.CUBA_056
2020-01-16-1117-20.CUBA_056
2020-01-16-1425-07.CUBA_056
2020-01-16-1458-35.CUBA_056
2020-01-17-0657-58.CUBA_056
2020-01-17-1129-38.CUBA_056
2020-01-17-1335-03.CUBA_056
2020-01-17-1344-09.CUBA_056
2020-01-17-1614-20.CUBA_056
2020-01-17-1945-49.CUBA_056
2020-01-17-2050-02.CUBA_056
2020-01-17-2155-36.CUBA_056
2020-01-18-0536-30S.MAN___015
2020-01-18-0746-00S.MAN___030
2020-01-18-1222-09.CUBA_056
2020-01-18-1427-35.CUBA_056
2020-01-18-2203-04.CUBA_056
2020-01-19-0408-42.CUBA_056
2020-01-20-0028-43.CUBA_056
2020-01-20-0032-44.CUBA_056
2020-01-20-0236-29.CUBA_056
2020-01-20-0811-46.CUBA_056
2020-01-20-1236-01.CUBA_056
2020-01-20-2019-15.CUBA_056
2020-01-20-2257-00.CUBA_056
2020-01-21-0105-08.CUBA_056
2020-01-21-0516-08.CUBA_056
2020-01-21-0750-40.CUBA_056
2020-01-21-0934-07.CUBA_056
2020-01-21-1001-08.CUBA_056
2020-01-21-1426-50.CUBA_056
2020-01-21-1822-09.CUBA_056
2020-01-21-2328-28.CUBA_056
2020-01-22-0336-00S.MAN___012
2020-01-22-1003-15S.MAN___009
2020-01-22-1003-16S.MAN___003
2020-01-22-1023-30S.MAN___012
2020-01-22-1916-22.CUBA_056
2020-01-23-0609-58.CUBA_056
2020-01-24-0246-38.CUBA_056
202001240247_020000.seed
2020-01-24-0246-39S.MAN___003
2020-01-24-1856-51.CUBA_056
2020-01-25-0009-18.CUBA_056
2020-01-25-0034-02.CUBA_056
2020-01-25-0451-47.CUBA_056
2020-01-25-0554-23.CUBA_056
2020-01-25-0834-41.CUBA_056
2020-01-25-0850-19.CUBA_056
2020-01-25-1522-25.CUBA_056
2020-01-25-2333-16.CUBA_056
2020-01-26-0156-21.CUBA_056
2020-01-26-0232-45S.MAN___018
2020-01-26-0243-30S.MAN___015
2020-01-26-0254-30S.MAN___015
2020-01-26-0449-45S.MAN___015
2020-01-26-0511-45S.MAN___012
2020-01-26-0955-15S.MAN___012
2020-01-26-1305-44.CUBA_056
2020-01-26-1606-08.CUBA_056
2020-01-26-1645-48.CUBA_056
2020-01-26-2311-12.CUBA_056
2020-01-26-2312-52.CUBA_056
2020-01-27-0215-10.CUBA_056
2020-01-27-0343-34.CUBA_056
2020-01-27-0346-16.CUBA_056
2020-01-27-0539-08.CUBA_056
2020-01-27-0545-42.CUBA_056
2020-01-27-0553-39.CUBA_056
2020-01-27-0616-03.CUBA_056
2020-01-27-0616-33.CUBA_056
2020-01-27-0621-31.CUBA_056
2020-01-27-0642-58.CUBA_056
2020-01-27-0724-04.CUBA_056
2020-01-27-0731-14.CUBA_056
2020-01-27-1956-19.CUBA_056
2020-01-28-0204-03.CUBA_056
2020-01-28-0512-49.CUBA_056
2020-01-28-0521-11.CUBA_056
2020-01-28-0810-37.CUBA_056
2020-01-28-1944-50S.MAN___024
2020-01-28-1955-00S.MAN___024
2020-01-28-2000-00S.MAN___042
2020-01-28-2010-40.CUBA_056
2020-01-28-2219-23.CUBA_056
2020-01-28-2316-16.CUBA_056
2020-01-28-2337-47.CUBA_056
2020-01-29-0740-27.CUBA_056
2020-01-29-0835-18.CUBA_056
2020-01-29-0848-44.CUBA_056
2020-01-29-0856-37.CUBA_056
2020-01-29-0905-12.CUBA_056
2020-01-29-0927-04.CUBA_056
2020-01-29-1227-03.CUBA_056
2020-01-29-1537-04.CUBA_056
2020-01-29-1558-39.CUBA_056
2020-01-29-2014-43.CUBA_056
2020-01-30-0543-44.CUBA_056
2020-01-30-0543-20S.MAN___012
2020-01-30-1301-57.CUBA_056
2020-01-30-2252-39.CUBA_056
2020-01-31-0404-10.CUBA_056
2020-01-31-0609-50.CUBA_056
2020-01-31-0818-36.CUBA_056
2020-01-31-0855-20.CUBA_056
2020-01-31-0935-27.CUBA_056
2020-01-31-1046-10.CUBA_056
2020-01-31-1745-15.CUBA_056
2020-01-31-2000-30.CUBA_056
2020-02-01-0058-49.CUBA_056
2020-02-01-0150-50.CUBA_056
2020-02-01-0621-49.CUBA_056
2020-02-02-0703-55.CUBA_056
2020-02-02-0714-42.CUBA_056
2020-02-02-0715-19.CUBA_056
2020-02-02-0742-04.CUBA_056
2020-02-02-0952-57.CUBA_056
2020-02-02-1211-56.CUBA_056
2020-02-02-1608-13.CUBA_056
2020-02-02-1855-54.CUBA_056
2020-02-02-2116-55.CUBA_056
2020-02-03-0215-15.CUBA_056
2020-02-03-0729-11.CUBA_056
2020-02-03-1626-56.CUBA_056
2020-02-03-1833-53.CUBA_056
2020-02-03-1841-15.CUBA_056
2020-02-04-0032-30.CUBA_056
2020-02-04-0728-09.CUBA_056
2020-02-04-0825-10.CUBA_056
2020-02-04-0910-22.CUBA_056
2020-02-04-1348-32.CUBA_056
2020-02-04-1658-44.CUBA_056
2020-02-04-1754-54.CUBA_056
2020-02-04-2307-51.CUBA_056
2020-02-05-0625-12.CUBA_056
2020-02-05-0641-04.CUBA_056
2020-02-05-0752-57.CUBA_056
2020-02-05-0952-35.CUBA_056
2020-02-05-1038-15.CUBA_056
2020-02-05-1120-31.CUBA_056
2020-02-05-1134-03.CUBA_056
2020-02-05-1136-10.CUBA_056
2020-02-05-1655-44.CUBA_056
2020-02-06-0515-51.CUBA_056
2020-02-06-0915-41.CUBA_056
2020-02-07-0501-31.CUBA_056
2020-02-07-1523-07.CUBA_056
2020-02-08-0237-50.CUBA_056
2020-02-08-0647-56.CUBA_056
2020-02-08-0652-43.CUBA_056
2020-02-08-0812-09.CUBA_056
2020-02-08-0820-13.CUBA_056
2020-02-09-1310-30.CUBA_056
2020-02-09-1403-25.CUBA_056
2020-02-09-1934-00.CUBA_056
2020-02-10-0825-57.CUBA_056
2020-02-10-1750-28.CUBA_056
2020-02-10-1915-49.CUBA_056
2020-02-10-2015-53.CUBA_056
2020-02-11-0441-53.CUBA_056
2020-02-11-0552-02.CUBA_056
2020-02-11-0552-03S.MAN___003
2020-02-11-0619-53.CUBA_056
2020-02-11-0951-04.CUBA_056
2020-02-12-0346-30.CUBA_056
2020-02-13-0928-38.CUBA_056
2020-02-13-1222-44.CUBA_056
2020-02-13-1338-15.CUBA_056
2020-02-13-1417-56.CUBA_056
2020-02-13-1530-36.CUBA_056
2020-02-13-1741-09.CUBA_056
2020-02-14-0440-36.CUBA_056
2020-02-14-0612-40.CUBA_056
2020-02-14-0613-57.CUBA_056
2020-02-14-0753-39.CUBA_056
2020-02-14-1558-41.CUBA_056
2020-02-14-1859-00.CUBA_056
2020-02-14-2203-31.CUBA_056
2020-02-14-2236-53.CUBA_056
2020-02-14-2326-08.CUBA_056
2020-02-14-2335-27.CUBA_056
2020-02-15-0457-31.CUBA_056
2020-02-15-0519-04.CUBA_056
2020-02-15-0615-41.CUBA_056
2020-02-15-0659-49.CUBA_056
2020-02-15-1401-14.CUBA_056
2020-02-16-0213-59.CUBA_056
2020-02-16-0236-33.CUBA_056
2020-02-16-0312-42.CUBA_056
2020-02-16-0453-41.CUBA_056
2020-02-16-0502-35.CUBA_056
2020-02-16-0506-01.CUBA_056
2020-02-16-0726-19.CUBA_056
2020-02-16-1006-37.CUBA_056
2020-02-16-1510-59.CUBA_056
2020-02-17-0555-58.CUBA_056
2020-02-17-0648-55.CUBA_056
2020-02-17-0702-29.CUBA_056
2020-02-17-0813-27.CUBA_056
2020-02-17-0947-01.CUBA_056
2020-02-17-1008-50.CUBA_056
2020-02-17-1105-23.CUBA_056
2020-02-18-0004-40.CUBA_056
2020-02-18-0322-04.CUBA_056
2020-02-18-2001-42.CUBA_056
2020-02-19-0127-56.CUBA_056
2020-02-19-0130-05.CUBA_056
2020-02-19-0146-03.CUBA_056
2020-02-19-0159-16.CUBA_056
2020-02-19-0354-41.CUBA_056
2020-02-19-0743-46.CUBA_056
2020-02-19-0822-18.CUBA_056
2020-02-19-1030-55.CUBA_056
2020-02-19-1203-28.CUBA_056
2020-02-19-1243-16.CUBA_056
2020-02-19-1248-37.CUBA_056
2020-02-19-1855-53.CUBA_056
2020-02-19-1947-31.CUBA_056
2020-02-20-0826-28.CUBA_056
2020-02-20-1000-09.CUBA_056
2020-02-20-1014-55.CUBA_056
2020-02-21-1343-54.CUBA_056
2020-02-21-2144-07.CUBA_056
2020-02-21-2348-36.CUBA_056
2020-02-22-0534-08.CUBA_056
2020-02-22-2042-06.CUBA_056
2020-02-23-0303-30S.MAN___009
2020-02-23-0850-23.CUBA_056
2020-02-23-0901-26.CUBA_056
2020-02-23-2307-00.CUBA_056
2020-02-24-0139-01.CUBA_056
2020-02-24-0733-13.CUBA_056
2020-02-24-0944-58.CUBA_056
2020-02-25-0031-33.CUBA_056
2020-02-25-0034-46.CUBA_056
2020-02-25-0330-19.CUBA_056
2020-02-25-0330-27.CUBA_056
2020-02-25-0524-05.CUBA_056
2020-02-25-0629-06.CUBA_056
2020-02-25-0753-49.CUBA_056
2020-02-25-0854-31.CUBA_056
2020-02-25-0908-46.CUBA_056
2020-02-25-1028-56.CUBA_056
2020-02-25-1844-45.CUBA_056
2020-02-25-1918-52.CUBA_056
2020-02-26-0129-04.CUBA_056
2020-02-26-0610-43.CUBA_056
2020-02-26-0737-58.CUBA_056
2020-02-26-1909-20.CUBA_056
2020-02-26-2127-57.CUBA_056
2020-02-27-0057-23.CUBA_056
2020-02-27-0809-26.CUBA_056
2020-02-27-1027-26.CUBA_056
2020-02-27-1720-01.CUBA_056
2020-02-27-2336-00.CUBA_056
2020-02-28-0513-27.CUBA_056
2020-02-28-0549-21.CUBA_056
2020-02-28-0553-49.CUBA_056
2020-02-28-0635-37.CUBA_056
2020-02-28-0638-37.CUBA_056
2020-02-28-0711-59.CUBA_056
2020-02-28-0712-00S.MAN___003
2020-02-28-0919-15.CUBA_056
2020-02-28-0923-04.CUBA_056
2020-02-28-1236-54.CUBA_056
2020-02-28-1613-40.CUBA_056
2020-02-28-1748-31.CUBA_056
2020-02-28-2106-32.CUBA_056
2020-02-29-0104-42.CUBA_056
2020-02-29-0253-54.CUBA_056
2020-02-29-0331-13.CUBA_056
2020-02-29-0332-33.CUBA_056
2020-02-29-0340-40.CUBA_056
2020-02-29-0439-06.CUBA_056
2020-02-29-0542-35.CUBA_056
2020-02-29-1706-41.CUBA_056
2020-02-29-2022-59.CUBA_056
2020-03-01-0336-26.CUBA_056
2020-03-01-0926-38.CUBA_056
2020-03-01-1029-32.CUBA_056
2020-03-01-1210-21.CUBA_056
2020-03-01-1531-29.CUBA_056
2020-03-02-0722-05.CUBA_056
2020-03-02-0834-50.CUBA_056
2020-03-02-1040-23.CUBA_056
2020-03-02-1106-23.CUBA_056
2020-03-02-1758-54.CUBA_056
2020-03-02-1834-20.CUBA_056
2020-03-02-2154-28.CUBA_056
2020-03-03-0057-38.CUBA_056
2020-03-03-0057-39S.MAN___006
2020-03-03-0939-46.CUBA_056
2020-03-04-0854-09.CUBA_056
2020-03-04-0956-41.CUBA_056
2020-03-04-1006-37.CUBA_056
2020-03-04-1105-23.CUBA_056
2020-03-04-1106-08.CUBA_056
2020-03-04-1322-17.CUBA_056
2020-03-05-0059-02.CUBA_056
2020-03-05-0254-13.CUBA_056
2020-03-05-0351-15.CUBA_056
2020-03-05-0436-32.CUBA_056
2020-03-05-0713-00S.MAN___021
2020-03-05-0835-00S.MAN___042
2020-03-05-0904-50S.MAN___012
2020-03-05-1142-42.CUBA_056
2020-03-05-1855-44.CUBA_056
2020-03-06-0438-00.CUBA_056
2020-03-06-0438-01S.MAN___003
2020-03-06-0739-18.CUBA_056
2020-03-06-0906-39.CUBA_056
2020-03-07-1204-51.CUBA_056
2020-03-07-1300-00.CUBA_056
2020-03-08-0352-08.CUBA_056
2020-03-08-0633-36.CUBA_056
2020-03-08-0847-35.CUBA_056
2020-03-08-0902-27.CUBA_056
2020-03-08-1820-19.CUBA_056
2020-03-10-0709-40.CUBA_056
2020-03-10-2033-24.CUBA_056
2020-03-10-2129-52.CUBA_056
2020-03-11-0522-06.CUBA_056
2020-03-11-0849-19.CUBA_056
2020-03-12-0732-05.CUBA_056
2020-03-16-0530-18.CUBA_056
2020-03-16-0953-45.CUBA_056
2020-03-19-0212-43.CUBA_056
2020-03-20-0756-51.CUBA_056
2020-03-20-2050-44.CUBA_056
2020-03-20-2102-20.CUBA_056
2020-03-21-0451-11.CUBA_056
2020-03-21-0637-11.CUBA_056
2020-03-21-1229-10.CUBA_056
2020-03-21-2216-19.CUBA_056
2020-03-22-0602-47.CUBA_056
2020-03-22-0634-52.CUBA_056
2020-03-22-0930-56.CUBA_056
2020-03-22-1914-21.CUBA_056
2020-03-23-0204-43.CUBA_056
2020-03-23-0419-29.CUBA_056
2020-03-23-0550-17.CUBA_056
2020-03-23-1753-57.CUBA_056
2020-03-23-2132-48.CUBA_056
2020-03-24-0001-33.CUBA_056
2020-03-24-0025-01.CUBA_056
2020-03-24-0715-07.CUBA_056
2020-03-24-1605-12.CUBA_056
2020-03-24-1802-51.CUBA_056
2020-03-24-1919-47.CUBA_056
2020-03-24-1941-11.CUBA_056
2020-03-24-2017-59.CUBA_056
2020-03-25-0137-09.CUBA_056
2020-03-25-0347-48.CUBA_056
2020-03-26-0637-12.CUBA_056
2020-03-26-0838-45.CUBA_056
2020-03-26-0956-55.CUBA_056
2020-03-26-2137-55.CUBA_056
2020-03-27-0342-17.CUBA_056
2020-03-27-0457-17.CUBA_056
2020-03-27-0635-05.CUBA_056
2020-03-27-1939-40.CUBA_056
2020-03-27-2236-40.CUBA_056
2020-03-28-0019-59.CUBA_056
2020-03-28-0441-16.CUBA_056
2020-03-28-0505-00.CUBA_056
2020-03-29-0019-13.CUBA_056
2020-03-29-0254-36.CUBA_056
2020-03-29-0326-15.CUBA_056
2020-03-29-0517-48.CUBA_056
2020-03-29-0714-06.CUBA_056
2020-03-30-0641-31.CUBA_056
2020-03-30-1044-48.CUBA_056
2020-03-30-1558-09.CUBA_056
2020-03-31-0122-25.CUBA_056
2020-03-31-0215-34.CUBA_056
2020-03-31-0215-36S.MAN___009
2020-03-31-0745-41.CUBA_056
2020-04-01-0235-47.CUBA_056
2020-04-01-0630-34.CUBA_056
2020-04-01-1028-11.CUBA_056
2020-04-01-1553-58.CUBA_056
2020-04-01-1556-21.CUBA_056
2020-04-01-1825-23.CUBA_056
2020-04-01-2005-19.CUBA_056
2020-04-02-0305-10.CUBA_056
2020-04-02-0341-36.CUBA_056
2020-04-02-0442-14.CUBA_056
2020-04-02-1929-12.CUBA_056
2020-04-02-1950-18.CUBA_056
2020-04-03-0152-02.CUBA_056
2020-04-03-0343-05.CUBA_056
2020-04-03-0613-51.CUBA_056
2020-04-03-0619-49.CUBA_056
2020-04-03-0950-01.CUBA_056
2020-04-03-1125-05.CUBA_056
2020-04-04-0218-26.CUBA_056
2020-04-04-0412-54.CUBA_056
2020-04-04-0523-24.CUBA_056
2020-04-04-0727-40.CUBA_056
2020-04-04-0806-40.CUBA_056
2020-04-04-0807-42.CUBA_056
2020-04-04-0920-34.CUBA_056
2020-04-04-1454-21.CUBA_056
2020-04-05-0749-44.CUBA_056
2020-04-05-0821-07.CUBA_056
2020-04-05-1014-26.CUBA_056
2020-04-05-1106-36.CUBA_056
2020-04-05-1140-50.CUBA_056
2020-04-05-1724-28.CUBA_056
2020-04-06-0401-15.CUBA_056
2020-04-06-0650-52.CUBA_056
2020-04-06-0902-48.CUBA_056
2020-04-06-0954-43.CUBA_056
2020-04-06-0957-22.CUBA_056
2020-04-06-0958-49.CUBA_056
2020-04-06-1233-01.CUBA_056
2020-04-06-1946-22.CUBA_056
2020-04-07-0036-15.CUBA_056
2020-04-07-0539-27.CUBA_056
2020-04-07-1041-01.CUBA_056
2020-04-07-1110-50.CUBA_056
2020-04-07-1420-13.CUBA_056
2020-04-07-2207-13.CUBA_056
2020-04-08-0156-37.CUBA_056
2020-04-08-0217-39.CUBA_056
2020-04-08-0309-54.CUBA_056
2020-04-08-0349-19.CUBA_056
2020-04-08-0402-05.CUBA_056
2020-04-08-0428-37.CUBA_056
2020-04-08-0437-51.CUBA_056
2020-04-08-1248-02.CUBA_056
2020-04-08-2209-55.CUBA_056
2020-04-09-0241-33.CUBA_056
2020-04-09-0437-59.CUBA_056
2020-04-09-0602-29.CUBA_056
2020-04-09-0724-10.CUBA_056
2020-04-09-2002-37.CUBA_056
2020-04-09-2002-38S.MAN___012
2020-04-10-0654-22.CUBA_056
2020-04-10-0837-39.CUBA_056
2020-04-10-1456-21.CUBA_056
2020-04-11-0032-01.CUBA_056
2020-04-11-0658-39.CUBA_056
2020-04-11-1107-44.CUBA_056
2020-04-11-1223-21.CUBA_056
2020-04-11-1335-02.CUBA_056
2020-04-11-1407-41.CUBA_056
2020-04-11-2115-16.CUBA_056
2020-04-11-2126-17.CUBA_056
2020-04-11-2334-34.CUBA_056
2020-04-12-0935-53.CUBA_056
2020-04-12-1035-28.CUBA_056
2020-04-13-1020-18.CUBA_056
2020-04-13-1116-49.CUBA_056
2020-04-14-1223-53.CUBA_056
2020-04-14-1814-27.CUBA_056
2020-04-15-0738-13.CUBA_056
2020-04-15-0847-04.CUBA_056
2020-04-15-1731-01.CUBA_056
2020-04-16-0054-35.CUBA_056
2020-04-16-0118-30.CUBA_056
2020-04-16-0618-10.CUBA_056
2020-04-16-0709-59.CUBA_056
2020-04-16-0958-38.CUBA_056
2020-04-16-1921-05.CUBA_056
2020-04-17-0054-49.CUBA_056
2020-04-17-1633-26.CUBA_056
2020-04-17-2006-17.CUBA_056
2020-04-18-0003-39.CUBA_056
2020-04-18-0454-49.CUBA_056
2020-04-18-0507-31.CUBA_056
2020-04-18-0643-51.CUBA_056
2020-04-18-0653-57.CUBA_056
2020-04-18-0922-47.CUBA_056
2020-04-18-1048-39.CUBA_056
2020-04-18-1826-30.CUBA_056
2020-04-18-1826-31S.MAN___006
2020-04-19-0514-35.CUBA_056
2020-04-20-0209-28.CUBA_056
2020-04-20-0748-21.CUBA_056
2020-04-20-0904-03.CUBA_056
2020-04-20-1240-49.CUBA_056
2020-04-20-1650-58.CUBA_056
2020-04-21-1312-08.CUBA_056
2020-04-21-1458-04.CUBA_056
2020-04-21-1517-23.CUBA_056
2020-04-21-2230-24.CUBA_056
2020-04-22-0123-30.CUBA_056
2020-04-22-0211-08.CUBA_056
2020-04-22-0344-40.CUBA_056
2020-04-22-0657-12.CUBA_056
2020-04-22-0701-16.CUBA_056
2020-04-22-0704-38.CUBA_056
2020-04-22-0725-35.CUBA_056
2020-04-22-0741-53.CUBA_056
2020-04-22-2108-19.CUBA_056
2020-04-23-0139-16.CUBA_056
2020-04-23-0334-01.CUBA_056
2020-04-23-0423-24.CUBA_056
2020-04-23-0752-51.CUBA_056
2020-04-23-1523-39.CUBA_056
2020-04-23-1607-35.CUBA_056
2020-04-23-1717-02.CUBA_056
2020-04-24-0405-42.CUBA_056
2020-04-24-0942-58.CUBA_056
2020-04-24-1252-16.CUBA_056
2020-04-24-1322-08.CUBA_056
2020-04-24-1322-09S.MAN___012
2020-04-25-0721-58.CUBA_056
2020-04-25-1616-17.CUBA_056
2020-04-25-2142-00.CUBA_056
2020-04-26-0007-30.CUBA_056
2020-04-26-0027-31.CUBA_056
2020-04-26-0442-57.CUBA_056
2020-04-26-0506-28.CUBA_056
2020-04-26-0658-34.CUBA_056
2020-04-26-1504-09.CUBA_056
2020-04-27-0209-36.CUBA_056
2020-04-27-0331-41.CUBA_056
2020-04-27-0527-08.CUBA_056
2020-04-27-0945-21.CUBA_056
2020-04-27-2008-39.CUBA_056
2020-04-27-2008-40S.MAN___009
2020-04-28-0547-13.CUBA_056
2020-04-28-0553-21.CUBA_056
2020-04-28-0627-30.CUBA_056
2020-04-28-0642-36.CUBA_056
2020-04-28-0817-22.CUBA_056
2020-04-29-0435-56.CUBA_056
2020-04-29-0607-54.CUBA_056
2020-04-29-0840-22.CUBA_056
2020-04-29-0949-47.CUBA_056
2020-04-29-1022-29.CUBA_056
2020-04-29-1022-27S.LMGC__003
2020-04-29-1022-29.CUBA_056
2020-04-29-1022-27S.LMGC__003
2020-04-29-1041-09.CUBA_056
2020-04-29-1930-51.CUBA_056
2020-04-29-2148-25.CUBA_056
2020-04-30-0050-52.CUBA_056
2020-04-30-0419-59.CUBA_056
2020-04-30-0549-22.CUBA_056
2020-04-30-0606-55.CUBA_056
2020-04-30-0629-56.CUBA_056
2020-04-30-0723-54.CUBA_056
2020-04-30-0934-11.CUBA_056
2020-04-30-1017-00.CUBA_056
2020-04-30-1212-37.CUBA_056
2020-05-01-0022-01.CUBA_056
2020-05-01-0022-02S.MAN___009
2020-05-01-0242-03.CUBA_056
2020-05-01-0452-25.CUBA_056
2020-05-01-0514-46.CUBA_056
2020-05-01-1831-18.CUBA_056
2020-05-01-1935-46.CUBA_056
2020-05-02-0335-49.CUBA_056
2020-05-02-0612-41.CUBA_056
2020-05-02-0638-34.CUBA_056
2020-05-03-0109-41.CUBA_056
2020-05-03-0603-43.CUBA_056
2020-05-03-1027-53.CUBA_056
2020-05-03-1524-01.CUBA_056
2020-05-03-1530-12.CUBA_056
2020-05-03-1701-24.CUBA_056
2020-05-03-1735-44.CUBA_056
2020-05-03-1737-16.CUBA_056
2020-05-03-2157-53.CUBA_056
2020-05-04-0043-13.CUBA_056
2020-05-04-0226-25.CUBA_056
2020-05-04-0456-09.CUBA_056
2020-05-04-0524-22.CUBA_056
2020-05-04-0526-34.CUBA_056
2020-05-04-0540-22.CUBA_056
2020-05-04-0634-32.CUBA_056
2020-05-04-0713-55.CUBA_056
2020-05-04-2036-53.CUBA_056
2020-05-04-2314-22.CUBA_056
2020-05-05-0125-04.CUBA_056
2020-05-05-0413-45.CUBA_056
2020-05-05-0436-20.CUBA_056
2020-05-05-0439-32.CUBA_056
2020-05-05-0448-26.CUBA_056
2020-05-05-1014-19.CUBA_056
2020-05-05-2224-14.CUBA_056
2020-05-06-0112-34.CUBA_056
2020-05-06-0420-16.CUBA_056
2020-05-06-0551-07.CUBA_056
2020-05-07-0427-05.CUBA_056
2020-05-07-1310-27.CUBA_056
2020-05-07-2303-54.CUBA_056
2020-05-07-2317-22.CUBA_056
2020-05-08-0213-09.CUBA_056
2020-05-08-0326-02.CUBA_056
2020-05-08-0337-38.CUBA_056
2020-05-08-0551-58.CUBA_056
2020-05-08-0659-56.CUBA_056
2020-05-08-1934-47.CUBA_056
2020-05-08-2127-45.CUBA_056
2020-05-08-2201-56.CUBA_056
2020-05-08-2300-40.CUBA_056
2020-05-09-0624-54.CUBA_056
2020-05-09-1739-54.CUBA_056
2020-05-09-1815-57.CUBA_056
2020-05-09-1920-00.CUBA_056
2020-05-09-2137-26.CUBA_056
2020-05-10-0016-07.CUBA_056
2020-05-11-1036-09.CUBA_056
2020-05-12-0231-52.CUBA_056
2020-05-12-0235-14.CUBA_056
2020-05-12-0301-34.CUBA_056
2020-05-12-0315-15.CUBA_056
2020-05-12-0525-31.CUBA_056
2020-05-12-0622-39.CUBA_056
2020-05-12-0644-51.CUBA_056
2020-05-12-0944-41.CUBA_056
2020-05-12-1003-32.CUBA_056
2020-05-12-1236-23.CUBA_056
2020-05-12-1514-10.CUBA_056
2020-05-12-1819-08.CUBA_056
2020-05-12-2015-27.CUBA_056
2020-05-12-2037-42.CUBA_056
2020-05-14-0142-46.CUBA_056
2020-05-14-0155-23.CUBA_056
2020-05-14-0211-29.CUBA_056
2020-05-14-0338-21.CUBA_056
2020-05-14-0728-57.CUBA_056
2020-05-14-0807-59.CUBA_056
2020-05-18-0017-45S.MAN___003
2020-05-18-0023-45S.MAN___003
2020-05-14-0431-02.CUBA_056
2020-05-14-0812-17.CUBA_056
2020-05-14-0812-28.CUBA_056
2020-05-14-1112-44.CUBA_056
2020-05-14-1117-44.CUBA_056
2020-05-14-1220-01.CUBA_056
2020-05-14-1230-02.CUBA_056
2020-05-14-1254-57.CUBA_056
2020-05-14-1357-11.CUBA_056
2020-05-14-1553-17.CUBA_056
2020-05-14-1603-57.CUBA_056
2020-05-15-0433-15.CUBA_056
2020-05-15-0453-39.CUBA_056
2020-05-15-1432-03.CUBA_056
2020-05-15-1608-33.CUBA_056
2020-05-15-1758-41.CUBA_056
2020-05-15-1833-22.CUBA_056
2020-05-15-1848-03.CUBA_056
2020-05-15-1908-15.CUBA_056
2020-05-15-2146-30.CUBA_056
2020-05-16-0248-32.CUBA_056
2020-05-16-0251-06.CUBA_056
2020-05-16-0418-20.CUBA_056
2020-05-16-0651-20.CUBA_056
2020-05-17-0038-43.CUBA_056
2020-05-17-0858-34.CUBA_056
2020-05-17-1200-50.CUBA_056
2020-05-17-2042-55.CUBA_056
2020-05-17-2046-54.CUBA_056
2020-05-17-2047-02S.LMGC__003
2020-05-17-2047-00S.MAN___012
2020-05-17-2047-55.CUBA_056
2020-05-17-2050-26.CUBA_056
2020-05-17-2051-47.CUBA_056
2020-05-17-2057-55.CUBA_056
2020-05-17-2100-20.CUBA_056
2020-05-17-2100-20.CUBA_056
2020-05-17-2100-29S.LMGC__003
2020-05-17-2102-49.CUBA_056
2020-05-17-2107-47.CUBA_056
2020-05-17-2108-03.CUBA_056
2020-05-17-2107-59S.LMGC__003
2020-05-17-2112-10.CUBA_056
2020-05-17-2121-31.CUBA_056
2020-05-17-2128-20.CUBA_056
2020-05-17-2223-50.CUBA_056
2020-05-17-2241-03.CUBA_056
2020-05-17-2240-59S.LMGC__003
2020-05-17-2241-04S.MAN___002
2020-05-17-2247-05.CUBA_056
2020-05-17-2251-23.CUBA_056
2020-05-17-2300-02.CUBA_056
2020-05-17-2300-18.CUBA_056
2020-05-17-2300-43.CUBA_056
2020-05-17-2306-26.CUBA_056
2020-05-17-2308-41.CUBA_056
2020-05-17-2317-02.CUBA_056
2020-05-17-2323-04.CUBA_056
2020-05-17-2323-04.CUBA_056
2020-05-17-2327-24.CUBA_056
2020-05-17-2340-59.CUBA_056
2020-05-18-0005-48.CUBA_056
2020-05-18-0014-23.CUBA_056
2020-05-18-0014-24S.MAN___003
2020-05-18-0014-24S.MAN___003
2020-05-18-0015-28.CUBA_056
2020-05-18-0014-24S.MAN___003
2020-05-18-0016-47.CUBA_056
2020-05-18-0035-34.CUBA_056
2020-05-18-0035-43S.LMGC__003
2020-05-18-0035-35S.MAN___003
2020-05-18-0037-28.CUBA_056
2020-05-18-0037-29S.MAN___003
2020-05-18-0038-07.CUBA_056
2020-05-18-0037-29S.MAN___003
2020-05-18-0040-37.CUBA_056
2020-05-18-0040-38S.MAN___003
2020-05-18-0043-47.CUBA_056
2020-05-18-0043-48S.MAN___003
2020-05-18-0103-07.CUBA_056
2020-05-18-0103-08S.MAN___003
2020-05-18-0106-00.CUBA_056
2020-05-18-0106-01S.MAN___003
2020-05-18-0109-13.CUBA_056
2020-05-18-0109-14S.MAN___003
2020-05-18-0134-07.CUBA_056
2020-05-18-0134-08S.MAN___003
2020-05-18-0136-22.CUBA_056
2020-05-18-0136-20S.MAN___003
2020-05-18-0144-05.CUBA_056
2020-05-18-0144-00S.MAN___003
2020-05-18-0156-09.CUBA_056
2020-05-18-0156-10S.MAN___003
2020-05-18-0202-02.CUBA_056
2020-05-18-0202-03S.MAN___003
2020-05-18-0216-34.CUBA_056
2020-05-18-0216-35S.MAN___003
2020-05-18-0232-57.CUBA_056
2020-05-18-0232-58S.MAN___003
2020-05-18-0305-54.CUBA_056
2020-05-18-0305-55S.MAN___003
2020-05-18-0319-17.CUBA_056
2020-05-18-0319-17S.MAN___003
2020-05-18-0331-05.CUBA_056
2020-05-18-0331-06S.MAN___003
2020-05-18-0418-14.CUBA_056
2020-05-18-0418-15S.MAN___003
2020-05-18-0612-42.CUBA_056
2020-05-18-0612-06S.LMGC__003
2020-05-18-0630-12.CUBA_056
2020-05-18-0630-13S.MAN___003
2020-05-18-0657-07.CUBA_056
2020-05-18-0704-33.CUBA_056
2020-05-18-0704-34S.MAN___003
2020-05-18-0710-27.CUBA_056
2020-05-18-0710-48S.MAN___003
2020-05-18-0717-46.CUBA_056
2020-05-18-0717-05S.LMGC__003
2020-05-18-0717-47S.MAN___014
2020-05-18-0726-36.CUBA_056
2020-05-18-0726-12S.LMGC__003
2020-05-18-0726-37S.MAN___014
2020-05-18-0727-23.CUBA_056
2020-05-18-0726-37S.LMGC__003
2020-05-18-0729-04.CUBA_056
2020-05-18-0728-21S.LMGC__003
2020-05-18-0735-41.CUBA_056
2020-05-18-0737-41.CUBA_056
2020-05-18-0738-35.CUBA_056
2020-05-18-0758-10.CUBA_056
2020-05-18-0805-25.CUBA_056
2020-05-18-0829-59.CUBA_056
2020-05-18-0832-15.CUBA_056
2020-05-18-0834-13.CUBA_056
2020-05-18-0910-21.CUBA_056
2020-05-18-0911-40.CUBA_056
2020-05-18-0922-21.CUBA_056
2020-05-18-0943-45.CUBA_056
2020-05-18-1007-20.CUBA_056
2020-05-18-1027-25.CUBA_056
2020-05-18-1036-08.CUBA_056
2020-05-18-1036-22S.LMGC__003
2020-05-18-1039-34.CUBA_056
2020-05-18-1039-37S.MAN___003
2020-05-18-1131-38.CUBA_056
2020-05-18-1146-20.CUBA_056
2020-05-18-1146-24S.LMGC__003
2020-05-18-1222-09.CUBA_056
2020-05-18-1226-28.CUBA_056
2020-05-18-1239-06.CUBA_056
2020-05-18-1240-33.CUBA_056
2020-05-18-1240-41.CUBA_056
2020-05-18-1244-29.CUBA_056
2020-05-18-1247-49.CUBA_056
2020-05-18-1455-03.CUBA_056
2020-05-18-1456-07.CUBA_056
2020-05-18-1505-44.CUBA_056
2020-05-18-1622-36.CUBA_056
2020-05-18-1647-34.CUBA_056
2020-05-18-1701-02.CUBA_056
2020-05-18-1708-48.CUBA_056
2020-05-18-1750-15.CUBA_056
2020-05-18-1755-01.CUBA_056
2020-05-18-1757-26.CUBA_056
2020-05-18-1758-48.CUBA_056
2020-05-18-1840-10.CUBA_056
2020-05-18-1841-52.CUBA_056
2020-05-18-1904-58.CUBA_056
2020-05-18-1922-14.CUBA_056
2020-05-18-2051-57.CUBA_056
2020-05-18-2210-57.CUBA_056
2020-05-18-2354-12.CUBA_056
2020-05-19-0020-36.CUBA_056
2020-05-19-0032-29.CUBA_056
2020-05-19-0036-03.CUBA_056
2020-05-19-0043-36.CUBA_056
2020-05-19-0052-26.CUBA_056
2020-05-19-0203-02.CUBA_056
2020-05-19-0204-16.CUBA_056
2020-05-19-0245-24.CUBA_056
2020-05-19-0322-02.CUBA_056
2020-05-19-0326-16.CUBA_056
2020-05-19-0330-06.CUBA_056
2020-05-19-0338-23.CUBA_056
2020-05-19-0341-29.CUBA_056
2020-05-19-0402-41.CUBA_056
2020-05-19-0407-37.CUBA_056
2020-05-19-0559-45.CUBA_056
2020-05-19-0559-36S.LMGC__003
2020-05-19-0600-00S.MAN___009
2020-05-19-0642-48.CUBA_056
2020-05-19-0718-15.CUBA_056
2020-05-19-0730-53.CUBA_056
2020-05-19-0755-13.CUBA_056
2020-05-19-0807-09.CUBA_056
2020-05-19-0807-09.CUBA_056
2020-05-19-0827-50.CUBA_056
2020-05-19-1002-54.CUBA_056
2020-05-19-1038-54.CUBA_056
2020-05-19-1117-13.CUBA_056
2020-05-19-1212-59.CUBA_056
2020-05-19-1251-27.CUBA_056
2020-05-19-1306-09.CUBA_056
2020-05-19-1403-53.CUBA_056
2020-05-19-1438-05.CUBA_056
2020-05-19-1441-10.CUBA_056
2020-05-19-1441-11S.MAN___006
2020-05-19-1517-19.CUBA_056
2020-05-19-1529-20.CUBA_056
2020-05-19-1558-17.CUBA_056
2020-05-19-1558-25S.LMGC__003
2020-05-19-1929-52.CUBA_056
2020-05-19-2026-40.CUBA_056
2020-05-19-2103-13.CUBA_056
2020-05-19-2122-51.CUBA_056
2020-05-19-2149-18.CUBA_056
2020-05-19-2154-57.CUBA_056
2020-05-19-2202-01.CUBA_056
2020-05-20-0022-43.CUBA_056
2020-05-20-0036-25.CUBA_056
2020-05-20-0716-09.CUBA_056
2020-05-20-1040-58.CUBA_056
2020-05-20-1137-47.CUBA_056
2020-05-20-1729-04.CUBA_056
2020-05-20-2040-12.CUBA_056
2020-05-20-2044-37.CUBA_056
2020-05-20-2154-13.CUBA_056
2020-05-21-0204-52.CUBA_056
2020-05-21-0415-59.CUBA_056
2020-05-21-0450-59.CUBA_056
2020-05-21-0527-27.CUBA_056
2020-05-21-0616-58.CUBA_056
2020-05-21-0833-10.CUBA_056
2020-05-21-0833-10S.MAN___006
2020-05-21-0903-53.CUBA_056
2020-05-21-0907-54.CUBA_056
2020-05-21-0931-42.CUBA_056
2020-05-21-0931-43S.MAN___006
2020-05-21-0934-37.CUBA_056
2020-05-21-0934-38S.MAN___012
2020-05-21-0933-48S.LMGC__003
2020-05-21-0937-55.CUBA_056
2020-05-21-0938-16S.MAN___003
2020-05-21-0937-07S.LMGC__003
2020-05-21-1011-46.CUBA_056
2020-05-21-1020-58.CUBA_056
2020-05-21-1259-59.CUBA_056
2020-05-21-1328-42.CUBA_056
2020-05-21-1359-57.CUBA_056
2020-05-21-1403-47.CUBA_056
2020-05-21-1405-02.CUBA_056
2020-05-21-1407-58.CUBA_056
2020-05-21-1411-24.CUBA_056
2020-05-21-1422-13.CUBA_056
2020-05-21-1422-51.CUBA_056
2020-05-21-1425-22.CUBA_056
2020-05-21-1430-49.CUBA_056
2020-05-21-1430-49.CUBA_056
2020-05-21-1545-08.CUBA_056
2020-05-21-1622-00.CUBA_056
2020-05-21-1731-16.CUBA_056
2020-05-21-1847-55.CUBA_056
2020-05-21-2030-26.CUBA_056
2020-05-21-2032-14.CUBA_056
2020-05-21-2234-44.CUBA_056
2020-05-21-2300-32.CUBA_056
2020-05-21-2321-18.CUBA_056
2020-05-22-0056-34.CUBA_056
2020-05-22-0254-27.CUBA_056
2020-05-22-0257-31.CUBA_056
2020-05-22-0305-50.CUBA_056
2020-05-22-0443-37.CUBA_056
2020-05-22-0503-04.CUBA_056
2020-05-22-0553-51.CUBA_056
2020-05-22-0557-33.CUBA_056
2020-05-22-0632-50.CUBA_056
2020-05-22-0653-35.CUBA_056
2020-05-22-0814-26.CUBA_056
2020-05-22-0924-14.CUBA_056
2020-05-22-0931-49.CUBA_056
2020-05-22-1639-05.CUBA_056
2020-05-22-1751-23.CUBA_056
2020-05-22-1811-45.CUBA_056
2020-05-22-1931-46.CUBA_056
2020-05-22-2050-53.CUBA_056
2020-05-22-2337-28.CUBA_056
2020-05-23-0342-36.CUBA_056
2020-05-23-0427-55.CUBA_056
2020-05-23-0517-27.CUBA_056
2020-05-23-0519-21.CUBA_056
2020-05-23-0555-03.CUBA_056
2020-05-23-0555-04S.MAN___006
2020-05-23-0644-21.CUBA_056
2020-05-23-0652-41.CUBA_056
2020-05-23-0711-05.CUBA_056
2020-05-23-0718-08.CUBA_056
2020-05-23-0721-31.CUBA_056
2020-05-23-0739-35.CUBA_056
2020-05-23-0955-49.CUBA_056
2020-05-23-0958-47.CUBA_056
2020-05-23-1010-27.CUBA_056
2020-05-23-1054-19.CUBA_056
2020-05-23-1224-37.CUBA_056
2020-05-23-1319-11.CUBA_056
2020-05-23-1456-05.CUBA_056
2020-05-23-2106-42.CUBA_056
2020-05-23-2337-25.CUBA_056
2020-05-24-0127-00.CUBA_056
2020-05-24-0411-18.CUBA_056
2020-05-24-0424-26.CUBA_056
2020-05-24-0753-52.CUBA_056
2020-05-24-0920-24.CUBA_056
2020-05-24-1807-34.CUBA_056
2020-05-25-0055-19.CUBA_056
2020-05-25-0239-08.CUBA_056
2020-05-25-0554-13.CUBA_056
2020-05-25-0753-47.CUBA_056
2020-05-25-1014-12.CUBA_056
2020-05-25-1225-53.CUBA_056
2020-05-25-1236-25.CUBA_056
2020-05-25-1607-02.CUBA_056
2020-05-25-2054-28.CUBA_056
2020-05-25-2054-29S.MAN___006
2020-05-26-0239-47.CUBA_056
2020-05-26-0253-30.CUBA_056
2020-05-26-0454-41.CUBA_056
2020-05-26-0627-21.CUBA_056
2020-05-26-0800-32.CUBA_056
2020-05-26-0818-41.CUBA_056
2020-05-26-1047-50.CUBA_056
2020-05-27-0055-10S.MAN___041
2020-05-27-0114-14.CUBA_056
2020-05-27-0148-40.CUBA_056
2020-05-27-0306-36.CUBA_056
2020-05-27-0330-50.CUBA_056
2020-05-27-0452-44.CUBA_056
2020-05-27-0544-22.CUBA_056
2020-05-27-0549-02.CUBA_056
2020-05-27-0742-15.CUBA_056
2020-05-27-0746-38.CUBA_056
2020-05-27-1833-08.CUBA_056
2020-05-27-1839-10.CUBA_056
2020-05-27-1944-39.CUBA_056
2020-05-28-0135-01.CUBA_056
2020-05-28-0146-40.CUBA_056
2020-05-28-0349-49.CUBA_056
2020-05-28-0625-58.CUBA_056
2020-05-28-0807-30.CUBA_056
2020-05-28-0814-40.CUBA_056
2020-05-28-1010-58.CUBA_056
2020-05-28-1500-02.CUBA_056
2020-05-28-2130-32.CUBA_056
2020-05-29-0251-28.CUBA_056
2020-05-29-0327-25.CUBA_056
2020-05-29-0445-04.CUBA_056
2020-05-29-0643-01.CUBA_056
2020-05-29-0700-01.CUBA_056
2020-05-29-0756-28.CUBA_056
2020-05-29-0929-05.CUBA_056
2020-05-29-1922-50.CUBA_056
2020-05-29-2021-20.CUBA_056
2020-05-29-2323-06.CUBA_056
2020-05-30-0357-15.CUBA_056
2020-05-30-0802-42.CUBA_056
2020-05-30-1004-59.CUBA_056
2020-05-30-1115-37.CUBA_056
2020-05-30-1135-23.CUBA_056
2020-05-30-1221-57.CUBA_056
2020-05-30-1911-17.CUBA_056
2020-05-30-2318-23.CUBA_056
2020-05-30-2337-40.CUBA_056
2020-05-31-0147-17.CUBA_056
2020-05-31-0436-11.CUBA_056
2020-05-31-0737-01.CUBA_056
2020-05-31-1131-24.CUBA_056
2020-05-31-1357-44.CUBA_056
2020-05-31-1801-52.CUBA_056
2020-05-31-1949-48.CUBA_056
2020-06-01-0217-16.CUBA_056
2020-06-01-0317-29.CUBA_056
2020-06-01-0433-54.CUBA_056
2020-06-01-0502-42.CUBA_056
2020-06-01-0602-16.CUBA_056
2020-06-01-0603-26.CUBA_056
2020-06-01-2258-52.CUBA_056
2020-06-02-0452-53.CUBA_056
2020-06-02-0843-37.CUBA_056
2020-06-02-1032-38.CUBA_056
2020-06-02-1357-30.CUBA_056
2020-06-02-1601-33.CUBA_056
2020-06-02-2208-48.CUBA_056
2020-06-03-0518-07.CUBA_056
2020-06-03-0608-23.CUBA_056
2020-06-03-0654-09.CUBA_056
2020-06-03-1202-41.CUBA_056
2020-06-03-2013-31.CUBA_056
2020-06-04-0349-29.CUBA_056
2020-06-05-1416-02.CUBA_056
2020-06-05-1513-19.CUBA_056
2020-06-05-1513-20S.MAN___003
2020-06-05-1823-39.CUBA_056
2020-06-06-0521-37.CUBA_056
2020-06-06-0559-15.CUBA_056
2020-06-06-0940-52.CUBA_056
2020-06-06-1434-37.CUBA_056
2020-06-06-1628-41.CUBA_056
2020-06-06-1906-52.CUBA_056
2020-06-07-0302-04.CUBA_056
2020-06-07-0445-48.CUBA_056
2020-06-07-0819-51.CUBA_056
2020-06-07-1010-43.CUBA_056
2020-06-07-1021-24.CUBA_056
2020-06-07-1249-55.CUBA_056
2020-06-08-1023-58.CUBA_056
2020-06-08-1029-11.CUBA_056
2020-06-08-1436-05.CUBA_056
2020-06-08-1850-45.CUBA_056
2020-06-08-1903-36.CUBA_056
2020-06-08-1931-39.CUBA_056
2020-06-08-2128-02.CUBA_056
2020-06-08-2319-32.CUBA_056
2020-06-09-0047-34.CUBA_056
2020-06-09-0154-10.CUBA_056
2020-06-09-0300-18.CUBA_056
2020-06-09-0443-52.CUBA_056
2020-06-09-0838-49.CUBA_056
2020-06-09-0841-01.CUBA_056
2020-06-09-0927-33.CUBA_056
2020-06-09-1405-12.CUBA_056
2020-06-09-1527-26.CUBA_056
2020-06-09-1646-20.CUBA_056
2020-06-09-2002-34.CUBA_056
2020-06-09-2038-51.CUBA_056
2020-06-09-2108-12.CUBA_056
2020-06-09-2309-51.CUBA_056
2020-06-10-0631-02.CUBA_056
2020-06-10-0750-33.CUBA_056
2020-06-10-0839-42.CUBA_056
2020-06-10-1345-16.CUBA_056
2020-06-11-0651-20.CUBA_056
2020-06-11-0857-16.CUBA_056
2020-06-11-1632-31.CUBA_056
2020-06-12-0133-06.CUBA_056
2020-06-12-0424-28.CUBA_056
2020-06-12-0643-16.CUBA_056
2020-06-12-0702-00.CUBA_056
2020-06-12-0738-04.CUBA_056
2020-06-12-0849-45.CUBA_056
2020-06-12-1020-49.CUBA_056
2020-06-12-1101-32.CUBA_056
2020-06-12-1220-51.CUBA_056
2020-06-12-1942-55.CUBA_056
2020-06-13-0100-52.CUBA_056
2020-06-13-0720-15.CUBA_056
2020-06-13-1615-22.CUBA_056
2020-06-13-1725-12.CUBA_056
2020-06-13-2224-38.CUBA_056
2020-06-13-2244-00S.MAN___009
2020-06-14-0115-35.CUBA_056
2020-06-14-0118-15.CUBA_056
2020-06-14-0153-13.CUBA_056
2020-06-14-0226-48.CUBA_056
2020-06-14-0349-21.CUBA_056
2020-06-14-0449-32.CUBA_056
2020-06-14-0455-55.CUBA_056
2020-06-14-0621-55.CUBA_056
2020-06-14-0710-40.CUBA_056
2020-06-14-0739-29.CUBA_056
2020-06-14-1049-57.CUBA_056
2020-06-14-1117-58.CUBA_056
2020-06-14-1741-34.CUBA_056
2020-06-14-1927-51.CUBA_056
2020-06-14-2043-07.CUBA_056
2020-06-15-0034-07.CUBA_056
2020-06-15-0053-37.CUBA_056
2020-06-15-0122-35.CUBA_056
2020-06-15-0127-55.CUBA_056
2020-06-15-0215-36.CUBA_056
2020-06-15-0219-19.CUBA_056
2020-06-15-0420-46.CUBA_056
2020-06-15-0554-57.CUBA_056
2020-06-15-0556-48.CUBA_056
2020-06-15-0558-57.CUBA_056
2020-06-15-0559-41.CUBA_056
2020-06-15-0608-28.CUBA_056
2020-06-15-0609-48.CUBA_056
2020-06-15-0615-47.CUBA_056
2020-06-15-0618-48.CUBA_056
2020-06-15-0623-11.CUBA_056
2020-06-15-0649-16.CUBA_056
2020-06-15-0712-34.CUBA_056
2020-06-15-0722-45.CUBA_056
2020-06-15-0753-49.CUBA_056
2020-06-15-0826-12.CUBA_056
2020-06-15-0826-30.CUBA_056
2020-06-15-1344-37.CUBA_056
2020-06-15-1440-41.CUBA_056
2020-06-15-1532-20.CUBA_056
2020-06-15-1639-58.CUBA_056
2020-06-15-1926-55.CUBA_056
2020-06-15-2248-11.CUBA_056
2020-06-15-2334-51.CUBA_056
2020-06-16-0725-35.CUBA_056
2020-06-16-1247-40.CUBA_056
2020-06-16-1545-14.CUBA_056
2020-06-16-1811-03.CUBA_056
2020-06-16-2057-14.CUBA_056
2020-06-17-0218-10.CUBA_056
2020-06-17-0609-08.CUBA_056
2020-06-17-0711-31.CUBA_056
2020-06-17-0713-35.CUBA_056
2020-06-17-0729-28.CUBA_056
2020-06-17-0753-59.CUBA_056
2020-06-17-1132-07.CUBA_056
2020-06-17-1600-48.CUBA_056
2020-06-17-1859-41.CUBA_056
2020-06-17-1903-04.CUBA_056
2020-06-17-1923-41.CUBA_056
2020-06-17-1924-32.CUBA_056
2020-06-17-1924-35S.MAN___009
2020-06-17-2041-40.CUBA_056
2020-06-17-2041-42S.MAN___006
2020-06-17-2149-40.CUBA_056
2020-06-18-0156-52.CUBA_056
2020-06-18-0232-57.CUBA_056
2020-06-18-0910-01.CUBA_056
2020-06-18-0955-49.CUBA_056
2020-06-18-1038-33.CUBA_056
2020-06-18-1609-11.CUBA_056
2020-06-18-2155-14.CUBA_056
2020-06-18-2306-25.CUBA_056
2020-06-18-2352-54.CUBA_056
2020-06-18-2353-33.CUBA_056
2020-06-19-0022-39.CUBA_056
2020-06-19-0224-19.CUBA_056
2020-06-19-0243-12.CUBA_056
2020-06-19-0309-04.CUBA_056
2020-06-19-0850-25.CUBA_056
2020-06-19-1746-19.CUBA_056
2020-06-19-1930-54.CUBA_056
2020-06-20-0306-36.CUBA_056
2020-06-20-0322-12.CUBA_056
2020-06-20-0400-55.CUBA_056
2020-06-21-1412-02.CUBA_056
2020-06-21-2013-32.CUBA_056
2020-06-21-2210-05.CUBA_056
2020-06-21-2312-11.CUBA_056
2020-06-22-0449-41.CUBA_056
2020-06-22-0455-34.CUBA_056
2020-06-22-0606-11.CUBA_056
2020-06-22-0635-42.CUBA_056
2020-06-22-0835-32.CUBA_056
2020-06-22-1325-00.CUBA_056
2020-06-23-0647-50.CUBA_056
2020-06-23-0748-29.CUBA_056
2020-06-23-0936-20.CUBA_056
2020-06-23-1054-27.CUBA_056
2020-06-23-1334-59.CUBA_056
2020-06-23-1610-44.CUBA_056
2020-06-23-1635-52.CUBA_056
2020-06-23-1714-30.CUBA_056
2020-06-23-1728-57.CUBA_056
2020-06-24-0027-59.CUBA_056
2020-06-24-0034-12.CUBA_056
2020-06-24-0403-57.CUBA_056
2020-06-24-0441-21.CUBA_056
2020-06-24-1213-03.CUBA_056
2020-06-24-1247-58.CUBA_056
2020-06-24-1445-48.CUBA_056
2020-06-24-1726-00.CUBA_056
2020-06-24-2344-43.CUBA_056
2020-06-25-0146-48.CUBA_056
2020-06-25-0506-00.CUBA_056
2020-06-25-0742-04.CUBA_056
2020-06-25-1214-30.CUBA_056
2020-06-25-1452-09.CUBA_056
2020-06-25-1906-17.CUBA_056
2020-06-25-2001-58.CUBA_056
2020-06-25-2232-30.CUBA_056
2020-06-26-0256-35.CUBA_056
2020-06-26-0348-57.CUBA_056
2020-06-26-0407-52.CUBA_056
2020-06-26-0457-43.CUBA_056
2020-06-26-0542-09.CUBA_056
2020-06-26-0825-29.CUBA_056
2020-06-27-0232-46.CUBA_056
2020-06-27-0634-45.CUBA_056
2020-06-27-1423-20.CUBA_056
2020-06-27-1619-59.CUBA_056
2020-06-27-2205-06.CUBA_056
2020-06-27-2233-26.CUBA_056
2020-06-28-0015-32.CUBA_056
2020-06-28-0019-22.CUBA_056
2020-06-28-0125-29.CUBA_056
2020-06-28-0349-35.CUBA_056
2020-06-28-0404-25.CUBA_056
2020-06-28-0608-19.CUBA_056
2020-06-28-0610-22.CUBA_056
2020-06-28-0730-41.CUBA_056
2020-06-28-1537-52.CUBA_056
2020-06-28-1635-03.CUBA_056
2020-06-28-1830-34.CUBA_056
2020-06-28-1955-47.CUBA_056
2020-06-28-2242-12.CUBA_056
2020-06-29-0340-43.CUBA_056
2020-06-29-0516-03.CUBA_056
2020-06-29-0737-21.CUBA_056
2020-06-29-0809-57.CUBA_056
2020-06-29-0853-11.CUBA_056
2020-06-29-0908-58.CUBA_056
2020-06-29-1336-58.CUBA_056
2020-06-29-1455-26.CUBA_056
2020-06-29-1538-56.CUBA_056
2020-06-29-2311-21.CUBA_056
2020-06-30-0005-54.CUBA_056
2020-06-30-0005-55S.MAN___014
2020-06-30-0007-10.CUBA_056
2020-06-30-0007-10S.MAN___011
2020-06-30-0008-12.CUBA_056
2020-06-30-0010-22.CUBA_056
2020-06-30-0016-58.CUBA_056
2020-06-30-0018-15.CUBA_056
2020-06-30-0025-15.CUBA_056
2020-06-30-0043-11.CUBA_056
2020-06-30-0110-53.CUBA_056
2020-06-30-0112-53.CUBA_056
2020-06-30-0116-34.CUBA_056
2020-06-30-0155-28.CUBA_056
2020-06-30-0330-20.CUBA_056
2020-06-30-0330-21S.MAN___006
2020-06-30-0405-03.CUBA_056
2020-06-30-0507-04.CUBA_056
2020-06-30-0522-59.CUBA_056
2020-06-30-0610-46.CUBA_056
2020-06-30-0640-09.CUBA_056
2020-06-30-0703-37.CUBA_056
2020-06-30-0703-38S.MAN___003
2020-06-30-0802-49.CUBA_056
2020-06-30-0839-23.CUBA_056
2020-06-30-1003-39.CUBA_056
2020-06-30-1029-05.CUBA_056
2020-06-30-1121-00.CUBA_056
2020-06-30-1304-42.CUBA_056
2020-06-30-1705-12.CUBA_056
2020-06-30-1733-51.CUBA_056
2020-06-30-1901-10.CUBA_056
2020-06-30-1927-03.CUBA_056
2020-07-01-0001-00.CUBA_056
2020-07-01-0001-30S.MAN___033
2020-07-01-0134-30.CUBA_056
2020-07-01-0135-23.CUBA_056
2020-07-01-0211-43.CUBA_056
2020-07-01-0336-05.CUBA_056
2020-07-01-0509-43.CUBA_056
2020-07-01-0527-16.CUBA_056
2020-07-01-0527-17S.MAN___014
2020-07-01-0533-40.CUBA_056
2020-07-01-0537-55.CUBA_056
2020-07-01-0538-31.CUBA_056
2020-07-01-0543-43.CUBA_056
2020-07-01-0547-01.CUBA_056
2020-07-01-0550-19.CUBA_056
2020-07-01-0557-36.CUBA_056
2020-07-01-0600-36.CUBA_056
2020-07-01-0602-03.CUBA_056
2020-07-01-0630-58.CUBA_056
2020-07-01-0632-21.CUBA_056
2020-07-01-0639-04.CUBA_056
2020-07-01-0724-11.CUBA_056
2020-07-01-0738-44.CUBA_056
2020-07-01-0812-41.CUBA_056
2020-07-01-0946-50.CUBA_056
2020-07-01-1139-54.CUBA_056
2020-07-01-1622-37.CUBA_056
2020-07-01-1626-39.CUBA_056
2020-07-01-2231-19.CUBA_056
2020-07-02-0321-22.CUBA_056
2020-07-02-0321-22.CUBA_056
2020-07-02-0624-50.CUBA_056
2020-07-02-0717-59.CUBA_056
2020-07-02-0920-24.CUBA_056
2020-07-02-1007-34.CUBA_056
2020-07-02-1045-12.CUBA_056
2020-07-02-1150-54.CUBA_056
2020-07-02-1901-11.CUBA_056
2020-07-02-1901-38.CUBA_056
2020-07-02-1922-33.CUBA_056
2020-07-02-1924-44.CUBA_056
2020-07-03-0358-35.CUBA_056
2020-07-03-1022-25.CUBA_056
2020-07-03-1237-20.CUBA_056
2020-07-03-1729-40.CUBA_056
2020-07-03-1826-50.CUBA_056
2020-07-03-2308-01.CUBA_056
2020-07-03-2327-53.CUBA_056
2020-07-04-0235-24.CUBA_056
2020-07-04-1036-27.CUBA_056
2020-07-04-2132-03.CUBA_056
2020-07-04-2139-17.CUBA_056
2020-07-05-0258-47.CUBA_056
2020-07-05-0452-12.CUBA_056
2020-07-05-0515-19.CUBA_056
2020-07-05-0515-20S.MAN___006
2020-07-05-1319-28.CUBA_056
2020-07-06-0249-11.CUBA_056
2020-07-06-0250-09.CUBA_056
2020-07-06-0330-24.CUBA_056
2020-07-06-0407-04.CUBA_056
2020-07-06-0909-21.CUBA_056
2020-07-06-0939-00.CUBA_056
2020-07-06-1000-52.CUBA_056
2020-07-06-1134-01.CUBA_056
2020-07-06-2227-46.CUBA_056
2020-07-07-0014-28.CUBA_056
2020-07-07-0348-59.CUBA_056
2020-07-07-0349-00S.MAN___006
2020-07-07-0410-34.CUBA_056
2020-07-07-0410-35S.MAN___003
2020-07-07-0615-44.CUBA_056
2020-07-07-0744-50.CUBA_056
2020-07-07-1334-07.CUBA_056
2020-07-07-1408-21.CUBA_056
2020-07-07-1446-03.CUBA_056
2020-07-07-1607-10.CUBA_056
2020-07-07-1651-33.CUBA_056
2020-07-07-1841-01.CUBA_056
2020-07-07-2237-22.CUBA_056
2020-07-08-0424-03.CUBA_056
2020-07-08-0543-37.CUBA_056
2020-07-08-0613-07.CUBA_056
2020-07-08-0643-37.CUBA_056
2020-07-09-0146-11.CUBA_056
2020-07-09-0252-55.CUBA_056
2020-07-09-0640-11.CUBA_056
2020-07-09-0705-56.CUBA_056
2020-07-09-1056-47.CUBA_056
2020-07-09-1212-09.CUBA_056
2020-07-09-2223-43.CUBA_056
2020-07-10-0211-22.CUBA_056
2020-07-10-0557-33.CUBA_056
2020-07-10-1100-39.CUBA_056
2020-07-10-1107-22.CUBA_056
2020-07-10-1417-46.CUBA_056
2020-07-10-1606-51.CUBA_056
2020-07-10-1755-40.CUBA_056
2020-07-10-1758-25.CUBA_056
2020-07-10-2339-10.CUBA_056
2020-07-11-0020-09.CUBA_056
2020-07-11-0307-15.CUBA_056
2020-07-11-1007-13.CUBA_056
2020-07-11-1941-06.CUBA_056
2020-07-11-2156-20.CUBA_056
2020-07-11-2156-21S.MAN___006
2020-07-12-0152-33.CUBA_056
2020-07-12-0329-32.CUBA_056
2020-07-12-0344-10.CUBA_056
2020-07-12-0434-26.CUBA_056
2020-07-12-2039-14.CUBA_056
2020-07-12-2102-37.CUBA_056
2020-07-12-2354-04.CUBA_056
2020-07-13-0303-14.CUBA_056
2020-07-13-0643-06.CUBA_056
2020-07-13-1828-00.CUBA_056
2020-07-14-0403-38.CUBA_056
2020-07-14-0451-02.CUBA_056
2020-07-14-1135-47.CUBA_056
2020-07-14-1525-06.CUBA_056
2020-07-14-1525-07S.MAN___006
2020-07-14-1946-34.CUBA_056
2020-07-14-1947-37.CUBA_056
2020-07-15-0436-45.CUBA_056
2020-07-15-0910-17.CUBA_056
2020-07-15-1050-15.CUBA_056
2020-07-15-1557-39.CUBA_056
2020-07-15-2357-45.CUBA_056
2020-07-16-0438-49.CUBA_056
2020-07-16-1002-13.CUBA_056
2020-07-16-1501-32.CUBA_056
2020-07-16-1539-04.CUBA_056
2020-07-16-1624-02.CUBA_056
2020-07-16-1722-23.CUBA_056
2020-07-16-1722-25S.MAN___003
2020-07-17-0549-41.CUBA_056
2020-07-17-0710-58.CUBA_056
2020-07-17-1125-21.CUBA_056
2020-07-17-1500-35.CUBA_056
2020-07-17-1500-38S.MAN___003
2020-07-18-0037-48.CUBA_056
2020-07-20-0020-34.CUBA_056
2020-07-20-0240-57.CUBA_056
2020-07-20-0444-06.CUBA_056
2020-07-20-0448-03.CUBA_056
2020-07-20-0620-33.CUBA_056
2020-07-21-0050-41.CUBA_056
2020-07-21-0119-17.CUBA_056
2020-07-21-0150-18.CUBA_056
2020-07-22-2209-28.CUBA_056
2020-07-23-0440-10.CUBA_056
2020-07-23-1000-51.CUBA_056
2020-07-23-1633-00.CUBA_056
2020-07-23-1706-04.CUBA_056
2020-07-23-1706-05.CUBA_056
2020-07-24-0638-05.CUBA_056
2020-07-24-1042-20.CUBA_056
2020-07-24-1911-31.CUBA_056
20200724191200LMGC1.sed
2020-07-24-1955-04.CUBA_056
2020-07-24-2015-55.CUBA_056
2020-07-24-2251-35.CUBA_056
2020-07-24-2310-57.CUBA_056
2020-07-25-0059-41.CUBA_056
2020-07-25-0447-49.CUBA_056
2020-07-25-0509-00.CUBA_056
2020-07-25-0540-03.CUBA_056
2020-07-25-0616-38.CUBA_056
2020-07-25-0651-36.CUBA_056
2020-07-26-1759-53.CUBA_056
2020-07-26-1856-19.CUBA_056
2020-07-27-0457-17.CUBA_056
2020-07-27-0928-04.CUBA_056
2020-07-27-1202-10.CUBA_056
2020-07-27-1428-17.CUBA_056
2020-07-27-1900-11.CUBA_056
2020-07-27-1913-06.CUBA_056
2020-07-28-0040-39.CUBA_056
2020-07-28-0116-16.CUBA_056
2020-07-28-0245-44.CUBA_056
2020-07-28-0410-27.CUBA_056
2020-07-28-0453-33.CUBA_056
2020-07-28-0457-09.CUBA_056
2020-07-28-0733-11.CUBA_056
2020-07-28-1049-28.CUBA_056
2020-07-28-1504-09.CUBA_056
2020-07-28-1509-45.CUBA_056
2020-07-28-1516-01.CUBA_056
2020-07-28-1914-45.CUBA_056
2020-07-28-2024-26.CUBA_056
2020-07-28-2221-49.CUBA_056
2020-07-28-2353-03.CUBA_056
2020-07-28-2355-11.CUBA_056
2020-07-29-0336-03.CUBA_056
2020-07-29-0532-26.CUBA_056
2020-07-30-0415-54.CUBA_056
2020-07-30-0428-18.CUBA_056
2020-07-30-0433-31S.MAN___003
2020-07-30-0433-30.CUBA_056
2020-07-30-0433-31S.MAN___003
2020-07-30-1022-57.CUBA_056
2020-07-30-1130-05.CUBA_056
2020-07-30-1911-23.CUBA_056
2020-07-30-2246-19.CUBA_056
2020-07-30-2354-57.CUBA_056
2020-07-31-2017-37.CUBA_056
2020-08-01-0127-31.CUBA_056
2020-08-01-0615-51.CUBA_056
2020-08-01-2112-31.CUBA_056
2020-08-02-0131-22.CUBA_056
2020-08-02-0416-52.CUBA_056
2020-08-02-0435-47.CUBA_056
2020-08-03-0146-46.CUBA_056
2020-08-03-0717-28.CUBA_056
2020-08-04-1847-07.CUBA_056
2020-08-04-2312-05.CUBA_056
2020-08-05-0401-54.CUBA_056
2020-08-05-0753-48.CUBA_056
2020-08-05-1117-47.CUBA_056
2020-08-05-1123-39.CUBA_056
2020-08-05-1845-38.CUBA_056
2020-08-06-0337-30.CUBA_056
2020-08-06-0358-08.CUBA_056
2020-08-06-0453-41.CUBA_056
2020-08-06-0520-49.CUBA_056
2020-08-06-0706-35.CUBA_056
2020-08-06-0715-15.CUBA_056
2020-08-06-0717-13.CUBA_056
2020-08-06-0846-14.CUBA_056
2020-08-06-1043-52.CUBA_056
2020-08-06-1110-19.CUBA_056
2020-08-06-1121-53.CUBA_056
2020-08-06-1326-00S.MAN___012
2020-08-06-1827-55.CUBA_056
2020-08-07-0130-09.CUBA_056
2020-08-07-0134-21.CUBA_056
2020-08-07-0141-45.CUBA_056
2020-08-07-0233-02.CUBA_056
2020-08-07-0235-45.CUBA_056
2020-08-07-0347-55.CUBA_056
2020-08-07-0350-41.CUBA_056
2020-08-07-0450-32.CUBA_056
2020-08-07-0608-57.CUBA_056
2020-08-07-1046-03.CUBA_056
2020-08-07-1133-00.CUBA_056
2020-08-07-1303-26.CUBA_056
2020-08-08-0409-05.CUBA_056
2020-08-08-0452-28.CUBA_056
2020-08-08-0739-22.CUBA_056
2020-08-08-0755-36.CUBA_056
2020-08-08-1023-24.CUBA_056
2020-08-08-1538-34.CUBA_056
2020-08-08-1808-08.CUBA_056
2020-08-08-1907-27.CUBA_056
2020-08-09-0626-14.CUBA_056
2020-08-09-0854-13.CUBA_056
2020-08-09-0854-32.CUBA_056
2020-08-09-0900-08.CUBA_056
2020-08-09-0953-17.CUBA_056
2020-08-09-0956-59.CUBA_056
2020-08-09-1434-23.CUBA_056
2020-08-09-1722-38.CUBA_056
2020-08-09-1734-22.CUBA_056
2020-08-09-2013-56.CUBA_056
2020-08-09-2042-15.CUBA_056
2020-08-10-0111-05.CUBA_056
2020-08-10-0419-12.CUBA_056
2020-08-10-0603-46.CUBA_056
2020-08-10-0832-45.CUBA_056
2020-08-10-0913-31.CUBA_056
2020-08-10-0924-59.CUBA_056
2020-08-10-0926-45.CUBA_056
2020-08-10-1113-24.CUBA_056
2020-08-10-1514-57.CUBA_056
2020-08-11-0559-29.CUBA_056
2020-08-11-1214-06.CUBA_056
2020-08-11-1707-06.CUBA_056
2020-08-11-1814-01.CUBA_056
2020-08-12-0014-17.CUBA_056
2020-08-12-0036-15.CUBA_056
2020-08-12-0256-40.CUBA_056
2020-08-12-0736-24.CUBA_056
2020-08-12-1813-58.CUBA_056
2020-08-12-2235-17.CUBA_056
2020-08-13-0916-00.CUBA_056
2020-08-13-1921-49.CUBA_056
2020-08-14-0326-26.CUBA_056
2020-08-14-0511-45.CUBA_056
2020-08-14-0631-11.CUBA_056
2020-08-14-0822-22.CUBA_056
2020-08-14-1538-09.CUBA_056
2020-08-15-0221-29.CUBA_056
2020-08-15-0817-12.CUBA_056
2020-08-15-0823-11.CUBA_056
2020-08-15-1446-59.CUBA_056
2020-08-15-1703-32.CUBA_056
2020-08-16-0353-18.CUBA_056
2020-08-16-0726-09.CUBA_056
2020-08-16-0918-30.CUBA_056
2020-08-16-1414-17.CUBA_056
2020-08-17-0220-49.CUBA_056
2020-08-17-0530-34.CUBA_056
2020-08-17-0857-21.CUBA_056
2020-08-17-1332-23.CUBA_056
2020-08-17-1531-18.CUBA_056
2020-08-17-2115-52.CUBA_056
2020-08-18-0549-37.CUBA_056
2020-08-18-0608-09.CUBA_056
2020-08-18-0845-18.CUBA_056
2020-08-18-1413-18.CUBA_056
2020-08-19-0245-18.CUBA_056
2020-08-19-0321-13.CUBA_056
2020-08-19-0351-32.CUBA_056
2020-08-19-0425-52.CUBA_056
2020-08-19-0446-24.CUBA_056
2020-08-19-1006-44.CUBA_056
2020-08-19-1903-17.CUBA_056
2020-08-22-0309-28.CUBA_056
2020-08-22-0403-13.CUBA_056
2020-08-23-0056-58.CUBA_056
2020-08-23-0407-15.CUBA_056
2020-08-23-0425-51.CUBA_056
2020-08-23-0850-07.CUBA_056
2020-08-23-1548-14.CUBA_056
2020-08-23-1549-33.CUBA_056
2020-08-23-1604-03.CUBA_056
2020-08-23-1720-46.CUBA_056
2020-08-23-1930-27.CUBA_056
2020-08-23-1931-33.CUBA_056
2020-08-23-1934-46.CUBA_056
2020-08-23-2003-11.CUBA_056
2020-08-23-2007-39.CUBA_056
2020-08-23-2010-18.CUBA_056
2020-08-26-0322-13.CUBA_056
2020-08-26-0546-23.CUBA_056
2020-08-26-0610-14.CUBA_056
2020-08-26-0613-07.CUBA_056
2020-08-26-0735-30.CUBA_056
2020-08-26-0822-56.CUBA_056
2020-08-26-0857-48.CUBA_056
2020-08-26-1207-59.CUBA_056
2020-08-26-1553-31.CUBA_056
2020-08-27-1239-25.CUBA_056
2020-08-27-1252-26.CUBA_056
2020-08-27-1441-53.CUBA_056
2020-08-27-1531-36.CUBA_056
2020-08-27-1836-53.CUBA_056
2020-08-27-2138-40.CUBA_056
2020-08-27-2139-34.CUBA_056
2020-08-27-2343-27.CUBA_056
2020-08-28-0045-34.CUBA_056
2020-08-29-1912-54.CUBA_056
2020-08-30-0223-23.CUBA_056
2020-08-30-1027-14.CUBA_056
2020-08-30-1608-10.CUBA_056
2020-08-30-2044-30.CUBA_056
2020-08-31-0203-31.CUBA_056
2020-08-31-0317-23.CUBA_056
2020-08-31-0610-35.CUBA_056
2020-08-31-1944-36.CUBA_056
2020-09-01-0043-04.CUBA_056
2020-09-01-0149-22.CUBA_056
2020-09-01-0452-56.CUBA_056
2020-09-03-2001-24.CUBA_056
2020-09-03-2151-53.CUBA_056
2020-09-04-0540-36.CUBA_056
2020-09-04-0741-02.CUBA_056
2020-09-04-0959-49.CUBA_056
2020-09-04-1001-07.CUBA_056
2020-09-04-1135-48.CUBA_056
2020-09-05-0123-04.CUBA_056
2020-09-05-0210-53.CUBA_056
2020-09-05-0424-31.CUBA_056
2020-09-05-2143-20.CUBA_056
2020-09-05-2320-27.CUBA_056
2020-09-06-0133-36.CUBA_056
2020-09-06-0502-49.CUBA_056
2020-09-08-1830-32.CUBA_056
2020-09-08-2122-28.CUBA_056
2020-09-09-0211-59.CUBA_056
2020-09-09-0246-46.CUBA_056
2020-09-10-0153-28.CUBA_056
2020-09-10-0458-15.CUBA_056
2020-09-10-0525-43.CUBA_056
2020-09-10-0609-06.CUBA_056
2020-09-12-1527-02.CUBA_056
2020-09-12-1530-11.CUBA_056
2020-09-12-2056-35.CUBA_056
2020-09-13-0048-58.CUBA_056
2020-09-13-0050-19.CUBA_056
2020-09-13-0502-03.CUBA_056
2020-09-13-0658-44.CUBA_056
2020-09-13-0707-21.CUBA_056
2020-09-13-0849-19.CUBA_056
2020-09-13-0857-15.CUBA_056
2020-09-13-1642-06.CUBA_056
2020-09-14-0118-24.CUBA_056
2020-09-14-0327-03.CUBA_056
2020-09-14-0638-52.CUBA_056
2020-09-14-1019-46.CUBA_056
2020-09-14-1501-37.CUBA_056
2020-09-15-0628-29.CUBA_056
2020-09-15-0722-00.CUBA_056
2020-09-15-0735-48.CUBA_056
2020-09-15-0816-07.CUBA_056
2020-09-17-1602-13.CUBA_056
2020-09-17-1816-41.CUBA_056
2020-09-18-0238-31.CUBA_056
2020-09-18-0600-45.CUBA_056
2020-09-18-0651-18.CUBA_056
2020-09-18-0656-16.CUBA_056
2020-09-19-0939-54.CUBA_056
2020-09-19-1423-18.CUBA_056
2020-09-19-1530-14.CUBA_056
2020-09-19-1604-22.CUBA_056
2020-09-20-0041-32.CUBA_056
2020-09-20-0311-12.CUBA_056
2020-09-22-2035-08.CUBA_056
2020-09-22-2328-32.CUBA_056
2020-09-23-0539-44.CUBA_056
2020-09-23-0825-39.CUBA_056
2020-09-23-0829-56.CUBA_056
2020-09-23-1633-39.CUBA_056
2020-09-24-0335-32.CUBA_056
2020-09-24-0807-57.CUBA_056
2020-09-26-2250-12.CUBA_056
2020-09-27-0256-57.CUBA_056
2020-09-27-0516-21.CUBA_056
2020-09-27-0534-39.CUBA_056
2020-09-27-0545-48.CUBA_056
2020-09-27-0614-47.CUBA_056
2020-09-27-0802-34.CUBA_056
2020-09-28-0109-35.CUBA_056
2020-09-28-0947-36.CUBA_056
2020-09-28-1014-36.CUBA_056
2020-09-28-1147-30.CUBA_056
2020-09-30-1632-03.CUBA_056
2020-09-30-1848-11.CUBA_056
2020-10-01-0605-04.CUBA_056
2020-10-01-0657-26.CUBA_056
2020-10-01-1419-30.CUBA_056
2020-10-01-1647-30.CUBA_056
2020-10-01-2322-18.CUBA_056
2020-10-02-0019-54.CUBA_056
2020-10-02-0754-00.CUBA_056
2020-10-02-0836-03.CUBA_056
2020-10-02-1019-37.CUBA_056
2020-10-02-1022-39.CUBA_056
2020-10-02-1451-18.CUBA_056
2020-10-02-1520-54.CUBA_056
2020-10-02-1950-19.CUBA_056
2020-10-02-2137-15.CUBA_056
2020-10-05-1902-08.CUBA_056
2020-10-05-2041-54.CUBA_056
2020-10-05-2207-50.CUBA_056
2020-10-06-0402-27.CUBA_056
2020-10-06-0656-05.CUBA_056
2020-10-06-0656-06S.MAN___009
2020-10-06-0922-42.CUBA_056
2020-10-06-1006-58.CUBA_056
2020-10-06-1435-16.CUBA_056
2020-10-06-1630-38.CUBA_056
2020-10-06-2035-03.CUBA_056
2020-10-07-0003-28.CUBA_056
2020-10-07-0032-38.CUBA_056
2020-10-07-0657-13.CUBA_056
2020-10-07-0826-38.CUBA_056
2020-10-07-1152-04.CUBA_056
2020-10-07-1250-10.CUBA_056
2020-10-07-1804-42.CUBA_056
2020-10-11-0024-42.CUBA_056
2020-10-11-0156-17.CUBA_056
2020-10-11-0201-04.CUBA_056
2020-10-11-0907-52.CUBA_056
2020-10-11-1057-30.CUBA_056
2020-10-12-1705-29.CUBA_056
2020-10-12-2022-24.CUBA_056
2020-10-15-1719-57.CUBA_056
2020-10-15-1724-36.CUBA_056
2020-10-15-1826-45.CUBA_056
2020-10-15-1904-44.CUBA_056
2020-10-15-2005-43.CUBA_056
2020-10-15-2027-23.CUBA_056
2020-10-15-2342-51.CUBA_056
2020-10-16-0225-01.CUBA_056
2020-10-16-0341-25.CUBA_056
2020-10-16-0343-37.CUBA_056
2020-10-16-0344-28.CUBA_056
2020-10-16-0344-57.CUBA_056
2020-10-16-0348-50S.MAN___018
2020-10-16-0356-37.CUBA_056
2020-10-16-0412-12.CUBA_056
2020-10-16-0434-34.CUBA_056
2020-10-16-0438-08.CUBA_056
2020-10-16-0458-56.CUBA_056
2020-10-16-0500-15.CUBA_056
2020-10-16-0503-59.CUBA_056
2020-10-16-0505-36.CUBA_056
2020-10-16-0506-31.CUBA_056
2020-10-16-0531-03.CUBA_056
2020-10-16-0719-20S.MAN___015
2020-10-16-0724-30S.MAN___024
2020-10-16-0735-00S.MAN___012
2020-10-16-0742-39.CUBA_056
2020-10-16-0821-40.CUBA_056
2020-10-16-0901-18.CUBA_056
2020-10-16-0912-37.CUBA_056
2020-10-16-0913-56.CUBA_056
2020-10-16-0933-35.CUBA_056
2020-10-16-1533-43.CUBA_056
2020-10-16-1814-23.CUBA_056
2020-10-16-2149-00.CUBA_056
2020-10-17-0121-48.CUBA_056
2020-10-17-0412-43.CUBA_056
2020-10-17-0447-35.CUBA_056
2020-10-17-0623-02.CUBA_056
2020-10-17-0710-20.CUBA_056
2020-10-17-0910-44.CUBA_056
2020-10-17-0910-40S.MAN___003
2020-10-17-0948-35.CUBA_056
2020-11-11-1639-21.CUBA_056
2020-11-11-2135-45.CUBA_056
2020-11-11-2212-03.CUBA_056
2020-11-11-2225-52.CUBA_056
2020-11-27-0203-06.CUBA_056
2020-11-27-0203-25S.MAN___003
2020-11-27-0411-16.CUBA_056
2020-11-27-0845-55.CUBA_056
2020-11-27-0845-56S.MAN___009
2020-11-27-1114-46.CUBA_056
2020-11-27-1509-00S.MAN___012
2020-11-27-1631-36.CUBA_056
2020-11-27-1631-37S.MAN___003
2020-11-27-1653-43.CUBA_056
2020-11-27-2355-33.CUBA_056
2020-11-27-2355-34S.MAN___003
2020-11-28-0416-13.CUBA_056
2020-11-28-0851-19.CUBA_056
2020-11-28-1557-04.CUBA_056
2020-11-28-2002-05.CUBA_056
2020-11-28-2002-06S.MAN___006
2020-11-28-2245-21.CUBA_056
2020-11-28-2255-32.CUBA_056
2020-11-28-2300-51.CUBA_056
2020-11-28-2303-04.CUBA_056
2020-11-28-2336-19.CUBA_056
2020-11-29-0209-55.CUBA_056
2020-11-29-0446-27.CUBA_056
2020-11-29-0446-28S.MAN___012
2020-11-29-0838-58.CUBA_056
2020-11-30-0054-53.CUBA_056
2020-11-30-0332-41.CUBA_056
2020-11-30-0915-53.CUBA_056
2020-11-30-0915-54S.MAN___012
2020-11-30-0939-28.CUBA_056
2020-11-30-1505-54.CUBA_056
2020-11-30-1505-55S.MAN___003
2020-11-30-1608-52.CUBA_056
2020-11-30-1608-53S.MAN___003
2020-11-30-1918-39.CUBA_056
2020-12-01-0917-27.CUBA_056
2020-12-01-0927-56.CUBA_056
2020-12-01-1123-08.CUBA_056
2020-12-01-1214-06.CUBA_056
2020-12-01-1309-26.CUBA_056
2020-12-01-1347-47.CUBA_056
2020-12-01-1348-05S.MAN___003
2020-12-01-1535-09.CUBA_056
2020-12-02-0033-42.CUBA_056
2020-12-02-0121-31.CUBA_056
2020-12-02-0435-16.CUBA_056
2020-12-02-0609-46.CUBA_056
2020-12-02-0613-38.CUBA_056
2020-12-02-1141-49.CUBA_056
2020-12-02-1254-20.CUBA_056
2020-12-02-1423-53.CUBA_056
2020-12-02-2325-31.CUBA_056
2020-12-03-0401-49.CUBA_056
2020-12-03-0955-59.CUBA_056
2020-12-03-2021-04.CUBA_056
2020-12-04-0215-37.CUBA_056
2020-12-04-1109-01.CUBA_056
2020-12-04-2106-33.CUBA_056
2020-12-04-2232-25.CUBA_056
2020-12-05-0219-01.CUBA_056
2020-12-05-0219-02S.MAN___003
2020-12-05-0550-55.CUBA_056
2020-12-05-0633-18.CUBA_056
2020-12-05-1047-52.CUBA_056
2020-12-05-1058-32.CUBA_056
2020-12-05-1104-02.CUBA_056
2020-12-05-1543-03.CUBA_056
2020-12-05-1922-18.CUBA_056
2020-12-06-0306-12.CUBA_056
2020-12-06-0523-04.CUBA_056
2020-12-06-0639-05.CUBA_056
2020-12-06-1546-26.CUBA_056
2020-12-06-1547-24.CUBA_056
2020-12-06-1743-31.CUBA_056
2020-12-06-1755-18.CUBA_056
2020-12-06-2118-25.CUBA_056
2020-12-07-0144-08.CUBA_056
2020-12-07-0320-18.CUBA_056
2020-12-07-1717-20.CUBA_056
2020-12-08-0252-26.CUBA_056
2020-12-08-0800-22.CUBA_056
2020-12-08-1539-20.CUBA_056
2020-12-08-1901-20.CUBA_056
2020-12-08-1917-57.CUBA_056
2020-12-08-2347-42.CUBA_056
2020-12-09-0208-02.CUBA_056
2020-12-09-0336-23.CUBA_056
2020-12-09-0343-21.CUBA_056
2020-12-09-1002-31.CUBA_056
2020-12-09-1025-05.CUBA_056
2020-12-09-1215-35.CUBA_056
2020-12-09-1242-41.CUBA_056
2020-12-09-1309-16.CUBA_056
2020-12-09-1646-09.CUBA_056
2020-12-09-2104-50.CUBA_056
2020-12-10-1648-18.CUBA_056
2020-12-11-0709-13.CUBA_056
2020-12-11-1157-01.CUBA_056
2020-12-11-2330-30.CUBA_056
2020-12-12-0717-04.CUBA_056
2020-12-12-0724-33.CUBA_056
2020-12-12-0815-16.CUBA_056
2020-12-12-1751-54.CUBA_056
2020-12-12-2122-58.CUBA_056
2020-12-12-2349-03.CUBA_056
2020-12-13-0120-21.CUBA_056
2020-12-13-0736-10.CUBA_056
2020-12-13-0752-05.CUBA_056
2020-12-13-0850-21.CUBA_056
2020-12-13-1828-52.CUBA_056
2020-12-13-1954-14.CUBA_056
2020-12-13-2044-05.CUBA_056
2020-12-13-2203-29.CUBA_056
2020-12-13-2335-56.CUBA_056
2020-12-14-0356-05.CUBA_056
2020-12-14-0414-59.CUBA_056
2020-12-14-0558-56.CUBA_056
2020-12-14-0611-08.CUBA_056
2020-12-14-0621-54.CUBA_056
2020-12-14-0623-59.CUBA_056
2020-12-14-0624-00S.MAN___006
2020-12-14-0744-18.CUBA_056
2020-12-14-1602-26.CUBA_056
2020-12-14-1618-01.CUBA_056
2020-12-14-2014-28.CUBA_056
2020-12-14-2017-24.CUBA_056
2020-12-14-2022-02.CUBA_056
2020-12-15-0024-43.CUBA_056
2020-12-15-0120-57.CUBA_056
2020-12-15-0138-53.CUBA_056
2020-12-15-0633-03.CUBA_056
2020-12-15-1253-12.CUBA_056
2020-12-15-1444-31.CUBA_056
2020-12-15-2359-56.CUBA_056
2020-12-16-0105-51.CUBA_056
2020-12-16-0348-03.CUBA_056
2020-12-16-0502-25.CUBA_056
2020-12-16-0609-46.CUBA_056
2020-12-16-0631-50.CUBA_056
2020-12-16-0733-14.CUBA_056
2020-12-16-1142-13.CUBA_056
2020-12-16-1336-30.CUBA_056
2020-12-16-1646-09.CUBA_056
2020-12-16-1656-38.CUBA_056
2020-12-17-0222-00.CUBA_056
2020-12-17-0716-33.CUBA_056
2020-12-17-0729-43.CUBA_056
2020-12-17-0807-30.CUBA_056
2020-12-17-1554-59.CUBA_056
2020-12-17-1757-33.CUBA_056
2020-12-17-2147-12.CUBA_056
2020-12-18-0003-12.CUBA_056
2020-12-18-0013-21.CUBA_056
2020-12-18-0053-58.CUBA_056
2020-12-18-0241-52.CUBA_056
2020-12-18-0817-25.CUBA_056
2020-12-18-1017-34.CUBA_056
2020-12-18-1022-33.CUBA_056
2020-12-18-1152-28.CUBA_056
2020-12-19-0009-13.CUBA_056
2020-12-19-0354-25.CUBA_056
2020-12-19-0536-00.CUBA_056
2020-12-19-0831-15.CUBA_056
2020-12-19-1031-48.CUBA_056
2020-12-20-0511-55.CUBA_056
2020-12-20-0636-37.CUBA_056
2020-12-20-0940-07.CUBA_056
2020-12-20-0941-49.CUBA_056
2020-12-20-1032-41.CUBA_056
2020-12-20-1108-02.CUBA_056
2020-12-20-2009-51.CUBA_056
2020-12-21-0523-29.CUBA_056
2020-12-21-0523-32S.MAN___003
2020-12-21-0604-37.CUBA_056
2020-12-21-2148-59.CUBA_056
2020-12-22-0041-07.CUBA_056
2020-12-22-0304-02.CUBA_056
2020-12-22-0351-42.CUBA_056
2020-12-22-0436-04.CUBA_056
2020-12-22-1241-05.CUBA_056
2020-12-22-1448-11.CUBA_056
2020-12-22-1644-45.CUBA_056
2020-12-22-2218-04.CUBA_056
2020-12-22-2353-13.CUBA_056
2020-12-23-0010-11.CUBA_056
2020-12-23-0528-50S.MAN___012
2020-12-23-0756-35S.MAN___012
2020-12-23-0802-15S.MAN___012
2020-12-23-1640-08.CUBA_056
2020-12-23-2001-11S.MAN___021
2020-12-23-2300-14.CUBA_056
2020-12-23-2340-34.CUBA_056
2020-12-24-0134-23.CUBA_056
2020-12-24-0216-03.CUBA_056
2020-12-24-0444-38.CUBA_056
2020-12-24-0903-18.CUBA_056
2020-12-24-1013-07.CUBA_056
2020-12-24-1719-32.CUBA_056
2020-12-24-2009-41.CUBA_056
2020-12-24-2014-27.CUBA_056
2020-12-24-2014-28S.MAN___012
2020-12-25-0306-17.CUBA_056
2020-12-25-0316-28.CUBA_056
2020-12-25-0928-08.CUBA_056
2020-12-25-1206-05.CUBA_056
2020-12-25-1207-35.CUBA_056
2020-12-25-1556-59.CUBA_056
2020-12-25-1557-00S.MAN___003
2020-12-26-0321-45.CUBA_056
2020-12-26-0335-14.CUBA_056
2020-12-26-0454-26.CUBA_056
2020-12-26-0454-27S.MAN___007
2020-12-26-0626-36.CUBA_056
2020-12-26-0626-37S.MAN___003
2020-12-26-0629-47.CUBA_056
2020-12-26-0640-25.CUBA_056
2020-12-26-0653-56.CUBA_056
2020-12-26-0655-46.CUBA_056
2020-12-26-0819-12.CUBA_056
2020-12-26-1500-21.CUBA_056
2020-12-27-0333-53.CUBA_056
2020-12-27-0743-41.CUBA_056
2020-12-28-0140-42.CUBA_056
2020-12-28-0309-19.CUBA_056
2020-12-28-0556-26.CUBA_056
2020-12-28-0657-58.CUBA_056
2020-12-28-0657-59S.MAN___003
2020-12-28-0850-46.CUBA_056
2020-12-28-0951-38.CUBA_056
2020-12-28-1914-52.CUBA_056
2020-12-28-2058-55.CUBA_056
2020-12-29-0201-42.CUBA_056
2020-12-29-0709-58.CUBA_056
2020-12-29-0749-40.CUBA_056
2020-12-29-0943-17.CUBA_056
2020-12-29-1800-38.CUBA_056
2020-12-29-1800-39S.MAN___006
2020-12-29-2306-22.CUBA_056
2020-12-30-0334-01.CUBA_056
2020-12-30-0336-47.CUBA_056
2020-12-30-0345-13.CUBA_056
2020-12-30-0355-54.CUBA_056
2020-12-30-0604-19.CUBA_056
2020-12-30-0653-54.CUBA_056
2020-12-31-0221-40.CUBA_056
2020-12-31-0326-11.CUBA_056
2020-12-31-0751-26.CUBA_056
2020-12-31-1025-36.CUBA_056
2020-12-31-1111-04.CUBA_056
2020-12-31-1608-47.CUBA_056
2020-12-31-1958-33.CUBA_056